[14:43:01] [main/ERROR]: Mixin config drippyloadingscreen.mixin.json does not specify "minVersion" property
[14:43:01] [main/INFO]: Successfully loaded Mixin Connector [tictim.paraglider.MixinConnector]
[14:43:01] [main/INFO]: Successfully loaded Mixin Connector [icyllis.modernui.core.MixinConnector]
[14:43:01] [main/INFO]: Successfully loaded Mixin Connector [vazkii.patchouli.common.MixinConnector]
[14:43:01] [main/INFO]: Successfully loaded Mixin Connector [com.fuzs.easymagic.mixin.MixinConnector]
[14:43:01] [main/INFO]: Successfully loaded Mixin Connector [com.performant.coremod.mixin.Connector]
[14:43:01] [main/INFO]: Launching target 'fmlclient' with arguments [--version, Minecraft 1.16.5 - 异界生活幻想, --gameDir, D:\HMCL-3.5.4.exe\externalgames\异界生活幻想-Isekai-Life's-Fantasy_v13, --assetsDir, D:\HMCL-3.5.4.exe\externalgames\异界生活幻想-Isekai-Life's-Fantasy_v13\assets, --uuid, 0427bd19ff483765a3fc935ed435a945, --username, baba, --assetIndex, 1.16, --accessToken, ❄❄❄❄❄❄❄❄, --userType, msa, --versionType, HMCL 3.5.5, --width, 1280, --height, 720]
[14:43:01] [main/WARN]: Reference map 'nethers_delight.refmap.json' for nethers_delight.mixins.json could not be read. If this is a development environment you can ignore this message
[14:43:01] [main/INFO]: Performant configs loaded
[14:43:01] [main/INFO]: Patching LivingEntity#attackEntityFrom
[14:43:01] [main/INFO]: Transforming class: net.minecraft.entity.Entity
[14:43:02] [main/INFO]: Transforming class: net.minecraft.entity.Entity
[14:43:02] [main/INFO]: start
[14:43:02] [main/INFO]: find block call
[14:43:02] [main/INFO]: Patching PlayerContainer#<init>
[14:43:02] [main/INFO]: Patching PlayerContainer#onCraftMatrixChanged
[14:43:02] [main/INFO]: Patching PlayerContainer#transferStackInSlot
[14:43:02] [main/INFO]: Transforming class: net.minecraft.tileentity.TileEntity
[Serene Seasons Transformer]: Transforming func_176224_k in net/minecraft/block/CauldronBlock
[Serene Seasons Transformer]: Patched 1 calls
[14:43:02] [main/INFO]: Patching LivingEntity#attackEntityFrom
[14:43:02] [main/INFO]: Transforming method: setupTerrain net.minecraft.client.renderer.WorldRenderer
[14:43:02] [main/INFO]: Transforming method: updateCameraAndRender net.minecraft.client.renderer.WorldRenderer
[Serene Seasons Transformer]: Transforming func_228438_a_ in net/minecraft/client/renderer/WorldRenderer
[Serene Seasons Transformer]: Patched 1 calls
[Serene Seasons Transformer]: Transforming func_228436_a_ in net/minecraft/client/renderer/WorldRenderer
[Serene Seasons Transformer]: Patched 1 calls
[14:43:02] [main/INFO]: Patching ModelBakery#<init>
[Serene Seasons Transformer]: Transforming func_201854_a in net/minecraft/world/biome/Biome
[Serene Seasons Transformer]: Patched 1 calls
[Serene Seasons Transformer]: Transforming func_201850_b in net/minecraft/world/biome/Biome
[Serene Seasons Transformer]: Patched 1 calls
[14:43:03] [main/WARN]: Error loading class: biomesoplenty/common/world/BOPBiomeProvider (java.lang.ClassNotFoundException: null)
[14:43:03] [main/WARN]: Error loading class: xiroc/dungeoncrawl/dungeon/Dungeon (java.lang.ClassNotFoundException: null)
[14:43:03] [main/INFO]: Transforming class: net.minecraft.tileentity.TileEntity
[14:43:03] [main/INFO]: Patching ItemStack#onItemUse
[14:43:03] [main/INFO]: start
[14:43:03] [main/INFO]: find block call
[14:43:04] [main/INFO]: Not enabling mixin forcom.performant.coremod.mixin.forge.BasicEventHooksMixin as config disables it.
[14:43:04] [main/INFO]: Not enabling mixin forcom.performant.coremod.mixin.world.WorldMixin as config disables it.
[14:43:04] [main/INFO]: Not enabling mixin forcom.performant.coremod.mixin.entity.LivingEntityUpdateEventMixin as config disables it.
[14:43:05] [main/INFO]: Transforming class: net.minecraft.entity.Entity
[14:43:05] [main/INFO]: Patching BlockModelShapes#getModelLocation
[14:43:05] [main/INFO]: Patching PlayerContainer#<init>
[14:43:05] [main/INFO]: Patching PlayerContainer#onCraftMatrixChanged
[14:43:05] [main/INFO]: Patching PlayerContainer#transferStackInSlot
[14:43:05] [main/INFO]: Patching LivingEntity#attackEntityFrom
[14:43:05] [main/INFO]: [java.lang.ThreadGroup:uncaughtException:-1]: java.lang.RuntimeException: java.lang.reflect.InvocationTargetException
[14:43:05] [main/INFO]: [java.lang.ThreadGroup:uncaughtException:-1]: 	at cpw.mods.modlauncher.LaunchServiceHandlerDecorator.launch(LaunchServiceHandlerDecorator.java:39)
[14:43:05] [main/INFO]: [java.lang.ThreadGroup:uncaughtException:-1]: 	at cpw.mods.modlauncher.LaunchServiceHandler.launch(LaunchServiceHandler.java:54)
[14:43:05] [main/INFO]: [java.lang.ThreadGroup:uncaughtException:-1]: 	at cpw.mods.modlauncher.LaunchServiceHandler.launch(LaunchServiceHandler.java:72)
[14:43:05] [main/INFO]: [java.lang.ThreadGroup:uncaughtException:-1]: 	at cpw.mods.modlauncher.Launcher.run(Launcher.java:82)
[14:43:05] [main/INFO]: [java.lang.ThreadGroup:uncaughtException:-1]: 	at cpw.mods.modlauncher.Launcher.main(Launcher.java:66)
[14:43:05] [main/INFO]: [java.lang.ThreadGroup:uncaughtException:-1]: Caused by: java.lang.reflect.InvocationTargetException
[14:43:05] [main/INFO]: [java.lang.ThreadGroup:uncaughtException:-1]: 	at sun.reflect.NativeMethodAccessorImpl.invoke0(Native Method)
[14:43:05] [main/INFO]: [java.lang.ThreadGroup:uncaughtException:-1]: 	at sun.reflect.NativeMethodAccessorImpl.invoke(Unknown Source)
[14:43:05] [main/INFO]: [java.lang.ThreadGroup:uncaughtException:-1]: 	at sun.reflect.DelegatingMethodAccessorImpl.invoke(Unknown Source)
[14:43:05] [main/INFO]: [java.lang.ThreadGroup:uncaughtException:-1]: 	at java.lang.reflect.Method.invoke(Unknown Source)
[14:43:05] [main/INFO]: [java.lang.ThreadGroup:uncaughtException:-1]: 	at net.minecraftforge.fml.loading.FMLClientLaunchProvider.lambda$launchService$0(FMLClientLaunchProvider.java:37)
[14:43:05] [main/INFO]: [java.lang.ThreadGroup:uncaughtException:-1]: 	at cpw.mods.modlauncher.LaunchServiceHandlerDecorator.launch(LaunchServiceHandlerDecorator.java:37)
[14:43:05] [main/INFO]: [java.lang.ThreadGroup:uncaughtException:-1]: 	... 4 more
[14:43:05] [main/INFO]: [java.lang.Throwable:printStackTrace:-1]: Caused by: org.spongepowered.asm.mixin.transformer.throwables.MixinTransformerError: An unexpected critical error was encountered
[14:43:05] [main/INFO]: [java.lang.Throwable:printStackTrace:-1]: 	at org.spongepowered.asm.mixin.transformer.MixinProcessor.applyMixins(MixinProcessor.java:392)
[14:43:05] [main/INFO]: [java.lang.Throwable:printStackTrace:-1]: 	at org.spongepowered.asm.mixin.transformer.MixinTransformer.transformClass(MixinTransformer.java:250)
[14:43:05] [main/INFO]: [java.lang.Throwable:printStackTrace:-1]: 	at org.spongepowered.asm.service.modlauncher.MixinTransformationHandler.processClass(MixinTransformationHandler.java:131)
[14:43:05] [main/INFO]: [java.lang.Throwable:printStackTrace:-1]: 	at org.spongepowered.asm.launch.MixinLaunchPluginLegacy.processClass(MixinLaunchPluginLegacy.java:131)
[14:43:05] [main/INFO]: [java.lang.Throwable:printStackTrace:-1]: 	at cpw.mods.modlauncher.serviceapi.ILaunchPluginService.processClassWithFlags(ILaunchPluginService.java:154)
[14:43:05] [main/INFO]: [java.lang.Throwable:printStackTrace:-1]: 	at cpw.mods.modlauncher.LaunchPluginHandler.offerClassNodeToPlugins(LaunchPluginHandler.java:85)
[14:43:05] [main/INFO]: [java.lang.Throwable:printStackTrace:-1]: 	at cpw.mods.modlauncher.ClassTransformer.transform(ClassTransformer.java:120)
[14:43:05] [main/INFO]: [java.lang.Throwable:printStackTrace:-1]: 	at cpw.mods.modlauncher.TransformingClassLoader$DelegatedClassLoader.findClass(TransformingClassLoader.java:265)
[14:43:05] [main/INFO]: [java.lang.Throwable:printStackTrace:-1]: 	at cpw.mods.modlauncher.TransformingClassLoader.loadClass(TransformingClassLoader.java:136)
[14:43:05] [main/INFO]: [java.lang.Throwable:printStackTrace:-1]: 	at cpw.mods.modlauncher.TransformingClassLoader.loadClass(TransformingClassLoader.java:98)
[14:43:05] [main/INFO]: [java.lang.Throwable:printStackTrace:-1]: 	at java.lang.ClassLoader.loadClass(Unknown Source)
[14:43:05] [main/INFO]: [java.lang.Throwable:printStackTrace:-1]: 	at java.lang.ClassLoader.defineClass1(Native Method)
[14:43:05] [main/INFO]: [java.lang.Throwable:printStackTrace:-1]: 	at java.lang.ClassLoader.defineClass(Unknown Source)
[14:43:05] [main/INFO]: [java.lang.Throwable:printStackTrace:-1]: 	at cpw.mods.modlauncher.TransformingClassLoader.loadClass(TransformingClassLoader.java:138)
[14:43:05] [main/INFO]: [java.lang.Throwable:printStackTrace:-1]: 	at cpw.mods.modlauncher.TransformingClassLoader.loadClass(TransformingClassLoader.java:98)
[14:43:05] [main/INFO]: [java.lang.Throwable:printStackTrace:-1]: 	at java.lang.ClassLoader.loadClass(Unknown Source)
[14:43:05] [main/INFO]: [java.lang.Throwable:printStackTrace:-1]: 	at java.lang.ClassLoader.defineClass1(Native Method)
[14:43:05] [main/INFO]: [java.lang.Throwable:printStackTrace:-1]: 	at java.lang.ClassLoader.defineClass(Unknown Source)
[14:43:05] [main/INFO]: [java.lang.Throwable:printStackTrace:-1]: 	at cpw.mods.modlauncher.TransformingClassLoader.loadClass(TransformingClassLoader.java:138)
[14:43:05] [main/INFO]: [java.lang.Throwable:printStackTrace:-1]: 	at cpw.mods.modlauncher.TransformingClassLoader.loadClass(TransformingClassLoader.java:98)
[14:43:05] [main/INFO]: [java.lang.Throwable:printStackTrace:-1]: 	at java.lang.ClassLoader.loadClass(Unknown Source)
[14:43:05] [main/INFO]: [java.lang.Throwable:printStackTrace:-1]: 	at net.optifine.reflect.Reflector.<clinit>(Reflector.java:282)
[14:43:05] [main/INFO]: [java.lang.Throwable:printStackTrace:-1]: 	at net.minecraft.crash.CrashReport.func_71504_g(CrashReport.java:101)
[14:43:05] [main/INFO]: [java.lang.Throwable:printStackTrace:-1]: 	at net.minecraft.crash.CrashReport.<init>(CrashReport.java:54)
[14:43:05] [main/INFO]: [java.lang.Throwable:printStackTrace:-1]: 	at net.minecraft.crash.CrashReport.func_230188_h_(CrashReport.java:425)
[14:43:05] [main/INFO]: [java.lang.Throwable:printStackTrace:-1]: 	at net.minecraft.client.main.Main.main(Main.java:122)
[14:43:05] [main/INFO]: [java.lang.Throwable:printStackTrace:-1]: 	... 10 more
[14:43:05] [main/INFO]: [java.lang.Throwable:printStackTrace:-1]: Caused by: org.spongepowered.asm.mixin.injection.throwables.InjectionError: Critical injection failure: Redirector OnisOnLadder(Lnet/minecraft/block/BlockState;Lnet/minecraft/world/World;Lnet/minecraft/util/math/BlockPos;Lnet/minecraft/entity/LivingEntity;)Z in performant.mixins.json:entity.LivingEntityMixin failed injection check, (0/1) succeeded. Scanned 1 target(s). Using refmap performant.refmap.json
[14:43:05] [main/INFO]: [java.lang.Throwable:printStackTrace:-1]: 	at org.spongepowered.asm.mixin.injection.struct.InjectionInfo.postInject(InjectionInfo.java:468)
[14:43:05] [main/INFO]: [java.lang.Throwable:printStackTrace:-1]: 	at org.spongepowered.asm.mixin.transformer.MixinTargetContext.applyInjections(MixinTargetContext.java:1362)
[14:43:05] [main/INFO]: [java.lang.Throwable:printStackTrace:-1]: 	at org.spongepowered.asm.mixin.transformer.MixinApplicatorStandard.applyInjections(MixinApplicatorStandard.java:1051)
[14:43:05] [main/INFO]: [java.lang.Throwable:printStackTrace:-1]: 	at org.spongepowered.asm.mixin.transformer.MixinApplicatorStandard.applyMixin(MixinApplicatorStandard.java:400)
[14:43:05] [main/INFO]: [java.lang.Throwable:printStackTrace:-1]: 	at org.spongepowered.asm.mixin.transformer.MixinApplicatorStandard.apply(MixinApplicatorStandard.java:325)
[14:43:05] [main/INFO]: [java.lang.Throwable:printStackTrace:-1]: 	at org.spongepowered.asm.mixin.transformer.TargetClassContext.apply(TargetClassContext.java:383)
[14:43:05] [main/INFO]: [java.lang.Throwable:printStackTrace:-1]: 	at org.spongepowered.asm.mixin.transformer.TargetClassContext.applyMixins(TargetClassContext.java:365)
[14:43:05] [main/INFO]: [java.lang.Throwable:printStackTrace:-1]: 	at org.spongepowered.asm.mixin.transformer.MixinProcessor.applyMixins(MixinProcessor.java:363)
[14:43:05] [main/INFO]: [java.lang.Throwable:printStackTrace:-1]: 	... 35 more
Exception in thread "main" 
