		jimage.dll:Java(TM) Platform SE binary:17.0.7.0:Oracle Corporation
		jli.dll:Java(TM) Platform SE binary:17.0.7.0:Oracle Corporation
		jna10851885935826109236.dll:JNA native library:6.1.2:Java(TM) Native Access (JNA)
		jsvml.dll:Java(TM) Platform SE binary:17.0.7.0:Oracle Corporation
		jvm.dll:Java HotSpot(TM) 64-Bit server VM:17.0.7.0:Oracle Corporation
		kernel.appcore.dll:AppModel API Host:10.0.19041.546 (WinBuild.160101.0800):Microsoft Corporation
		lwjgl.dll
		management.dll:Java(TM) Platform SE binary:17.0.7.0:Oracle Corporation
		management_ext.dll:Java(TM) Platform SE binary:17.0.7.0:Oracle Corporation
		msvcp140.dll:Microsoft® C Runtime Library:14.31.31103.0:Microsoft Corporation
		msvcp_win.dll:Microsoft® C Runtime Library:10.0.19041.789 (WinBuild.160101.0800):Microsoft Corporation
		msvcrt.dll:Windows NT CRT DLL:7.0.19041.546 (WinBuild.160101.0800):Microsoft Corporation
		mswsock.dll:Microsoft Windows Sockets 2.0 服务提供程序:10.0.19041.3085 (WinBuild.160101.0800):Microsoft Corporation
		napinsp.dll:电子邮件命名填充提供程序:10.0.19041.3085 (WinBuild.160101.0800):Microsoft Corporation
		ncrypt.dll:Windows NCrypt 路由器:10.0.19041.3085 (WinBuild.160101.0800):Microsoft Corporation
		net.dll:Java(TM) Platform SE binary:17.0.7.0:Oracle Corporation
		netutils.dll:Net Win32 API Helpers DLL:10.0.19041.546 (WinBuild.160101.0800):Microsoft Corporation
		nio.dll:Java(TM) Platform SE binary:17.0.7.0:Oracle Corporation
		ntdll.dll:NT 层 DLL:10.0.19041.3085 (WinBuild.160101.0800):Microsoft Corporation
		ntmarta.dll:Windows NT MARTA 提供程序:10.0.19041.3085 (WinBuild.160101.0800):Microsoft Corporation
		perfos.dll:Windows 系统性能对象 DLL:10.0.19041.3085 (WinBuild.160101.0800):Microsoft Corporation
		pnrpnsp.dll:PNRP 命名空间提供程序:10.0.19041.3085 (WinBuild.160101.0800):Microsoft Corporation
		profapi.dll:User Profile Basic API:10.0.19041.3155 (WinBuild.160101.0800):Microsoft Corporation
		rasadhlp.dll:Remote Access AutoDial Helper:10.0.19041.546 (WinBuild.160101.0800):Microsoft Corporation
		rsaenh.dll:Microsoft Enhanced Cryptographic Provider:10.0.19041.320 (WinBuild.160101.0800):Microsoft Corporation
		sechost.dll:Host for SCM/SDDL/LSA Lookup APIs:10.0.19041.320 (WinBuild.160101.0800):Microsoft Corporation
		shlwapi.dll:外壳简易实用工具库:10.0.19041.3085 (WinBuild.160101.0800):Microsoft Corporation
		srvcli.dll:Server Service Client DLL:10.0.19041.3155 (WinBuild.160101.0800):Microsoft Corporation
		sunmscapi.dll:Java(TM) Platform SE binary:17.0.7.0:Oracle Corporation
		ucrtbase.dll:Microsoft® C Runtime Library:10.0.19041.789 (WinBuild.160101.0800):Microsoft Corporation
		urlmon.dll:Win32 的 OLE32 扩展:11.00.19041.3085 (WinBuild.160101.0800):Microsoft Corporation
		vcruntime140_1.dll:Microsoft® C Runtime Library:14.31.31103.0:Microsoft Corporation
		verify.dll:Java(TM) Platform SE binary:17.0.7.0:Oracle Corporation
		win32u.dll:Win32u:10.0.19041.3208 (WinBuild.160101.0800):Microsoft Corporation
		windows.storage.dll:Microsoft WinRT Storage API:10.0.19041.3085 (WinBuild.160101.0800):Microsoft Corporation
		winrnr.dll:LDAP RnR Provider DLL:10.0.19041.546 (WinBuild.160101.0800):Microsoft Corporation
		wshbth.dll:Windows Sockets Helper DLL:10.0.19041.546 (WinBuild.160101.0800):Microsoft Corporation
		zip.dll:Java(TM) Platform SE binary:17.0.7.0:Oracle Corporation
Stacktrace:
	at net.minecraft.client.main.Main.m_239872_(Main.java:176) ~[client-1.19.2-20220805.130853-srg.jar%23233!/:?] {re:classloading,pl:runtimedistcleaner:A}
	at net.minecraft.client.main.Main.main(Main.java:51) ~[client-1.19.2-20220805.130853-srg.jar%23233!/:?] {re:classloading,pl:runtimedistcleaner:A}
	at jdk.internal.reflect.NativeMethodAccessorImpl.invoke0(Native Method) ~[?:?] {}
	at jdk.internal.reflect.NativeMethodAccessorImpl.invoke(NativeMethodAccessorImpl.java:77) ~[?:?] {}
	at jdk.internal.reflect.DelegatingMethodAccessorImpl.invoke(DelegatingMethodAccessorImpl.java:43) ~[?:?] {}
	at java.lang.reflect.Method.invoke(Method.java:568) ~[?:?] {}
	at net.minecraftforge.fml.loading.targets.CommonClientLaunchHandler.lambda$launchService$0(CommonClientLaunchHandler.java:27) ~[fmlloader-1.19.2-43.2.21.jar%23101!/:?] {}
	at cpw.mods.modlauncher.LaunchServiceHandlerDecorator.launch(LaunchServiceHandlerDecorator.java:30) [modlauncher-10.0.8.jar%2388!/:?] {}
	at cpw.mods.modlauncher.LaunchServiceHandler.launch(LaunchServiceHandler.java:53) [modlauncher-10.0.8.jar%2388!/:?] {}
	at cpw.mods.modlauncher.LaunchServiceHandler.launch(LaunchServiceHandler.java:71) [modlauncher-10.0.8.jar%2388!/:?] {}
	at cpw.mods.modlauncher.Launcher.run(Launcher.java:106) [modlauncher-10.0.8.jar%2388!/:?] {}
	at cpw.mods.modlauncher.Launcher.main(Launcher.java:77) [modlauncher-10.0.8.jar%2388!/:?] {}
	at cpw.mods.modlauncher.BootstrapLaunchConsumer.accept(BootstrapLaunchConsumer.java:26) [modlauncher-10.0.8.jar%2388!/:?] {}
	at cpw.mods.modlauncher.BootstrapLaunchConsumer.accept(BootstrapLaunchConsumer.java:23) [modlauncher-10.0.8.jar%2388!/:?] {}
	at cpw.mods.bootstraplauncher.BootstrapLauncher.main(BootstrapLauncher.java:141) [bootstraplauncher-1.1.2.jar:?] {}


-- System Details --
Details:
	Minecraft Version: 1.19.2
	Minecraft Version ID: 1.19.2
	Operating System: Windows 10 (amd64) version 10.0
	Java Version: 17.0.7, Oracle Corporation
	Java VM Version: Java HotSpot(TM) 64-Bit Server VM (mixed mode, sharing), Oracle Corporation
	Memory: 528453568 bytes (503 MiB) / 872415232 bytes (832 MiB) up to 6341787648 bytes (6048 MiB)
	CPUs: 4
	Processor Vendor: GenuineIntel
	Processor Name: Intel(R) Core(TM) i5-5350U CPU @ 1.80GHz
	Identifier: Intel64 Family 6 Model 61 Stepping 4
	Microarchitecture: Broadwell (Client)
	Frequency (GHz): 1.80
	Number of physical packages: 1
	Number of physical CPUs: 2
	Number of logical CPUs: 4
	Graphics card #0 name: Intel(R) HD Graphics 6000
	Graphics card #0 vendor: Intel Corporation (0x8086)
	Graphics card #0 VRAM (MB): 1024.00
	Graphics card #0 deviceId: 0x1626
	Graphics card #0 versionInfo: DriverVersion=20.19.15.4531
	Memory slot #0 capacity (MB): 4096.00
	Memory slot #0 clockSpeed (GHz): 1.60
	Memory slot #0 type: DDR3
	Memory slot #1 capacity (MB): 4096.00
	Memory slot #1 clockSpeed (GHz): 1.60
	Memory slot #1 type: DDR3
	Virtual memory max (MB): 16218.16
	Virtual memory used (MB): 6957.24
	Swap memory total (MB): 8123.75
	Swap memory used (MB): 592.48
	JVM Flags: 11 total; -Xmx6047m -XX:+UnlockExperimentalVMOptions -XX:+UseG1GC -XX:G1NewSizePercent=20 -XX:G1ReservePercent=20 -XX:MaxGCPauseMillis=50 -XX:G1HeapRegionSize=32m -XX:-UseAdaptiveSizePolicy -XX:-OmitStackTraceInFastThrow -XX:-DontCompileHugeMethods -XX:HeapDumpPath=MojangTricksIntelDriversForPerformance_javaw.exe_minecraft.exe.heapdump
	Launched Version: 1.19
	Backend library: LWJGL version 3.3.1 build 7
	Backend API: Unknown
	Window size: <not initialized>
	GL Caps: Using framebuffer using OpenGL 3.2
	GL debug messages: <disabled>
	Using VBOs: Yes
	Is Modded: Definitely; Client brand changed to 'forge'
	Type: Client (map_client.txt)
	CPU: <unknown>
#@!@# Game crashed! Crash report saved to: #@!@# C:\Users\萝丽\Desktop\.minecraft\versions\1.19\crash-reports\crash-2023-07-31_11.10.20-client.txt
